2019-09-02 15:06:18.713  INFO 7476 --- [main] com.hshbic.ai.SpringBootDemoApplication  : Starting SpringBootDemoApplication on 68A024818009097 with PID 7476 (D:\storage\IJworkspace\demo\springboot-demo\target\classes started by 18009097 in D:\storage\IJworkspace\demo\springboot-demo)
2019-09-02 15:06:18.716 DEBUG 7476 --- [main] com.hshbic.ai.SpringBootDemoApplication  : Running with Spring Boot v2.0.2.RELEASE, Spring v5.0.6.RELEASE
2019-09-02 15:06:18.717  INFO 7476 --- [main] com.hshbic.ai.SpringBootDemoApplication  : The following profiles are active: dev
2019-09-02 15:06:18.750  INFO 7476 --- [main] ConfigServletWebServerApplicationContext : Refreshing org.springframework.boot.web.servlet.context.AnnotationConfigServletWebServerApplicationContext@132e0cc: startup date [Mon Sep 02 15:06:18 CST 2019]; root of context hierarchy
2019-09-02 15:06:19.836  INFO 7476 --- [main] o.s.b.w.embedded.tomcat.TomcatWebServer  : Tomcat initialized with port(s): 9080 (http)
2019-09-02 15:06:19.853  INFO 7476 --- [main] o.apache.catalina.core.StandardService   : Starting service [Tomcat]
2019-09-02 15:06:19.854  INFO 7476 --- [main] org.apache.catalina.core.StandardEngine  : Starting Servlet Engine: Apache Tomcat/8.5.31
2019-09-02 15:06:19.857  INFO 7476 --- [localhost-startStop-1] o.a.catalina.core.AprLifecycleListener   : The APR based Apache Tomcat Native library which allows optimal performance in production environments was not found on the java.library.path: [D:\program\java8\jdk1.8.0_202\bin;C:\Windows\Sun\Java\bin;C:\Windows\system32;C:\Windows;C:\Program Files (x86)\Common Files\Oracle\Java\javapath;D:\program\MongoDB\4.0\bin;D:\program\xshell\;C:\Windows\system32;C:\Windows;C:\Windows\System32\Wbem;C:\Windows\System32\WindowsPowerShell\v1.0\;D:\program\java8\jdk1.8.0_202\bin\;D:\program\java8\jre1.8.0_73\bin\;D:\program\maven\apache-maven-3.5.2\bin\;D:\program\nodejs\;C:\Program Files\TortoiseSVN\bin;C:\Users\18009097\AppData\Roaming\npm;C:\Users\18009097\AppData\Local\GitHubDesktop\bin;.]
2019-09-02 15:06:20.094  INFO 7476 --- [localhost-startStop-1] o.a.c.c.C.[Tomcat].[localhost].[/]       : Initializing Spring embedded WebApplicationContext
2019-09-02 15:06:20.094  INFO 7476 --- [localhost-startStop-1] o.s.web.context.ContextLoader            : Root WebApplicationContext: initialization completed in 1344 ms
2019-09-02 15:06:20.238  INFO 7476 --- [localhost-startStop-1] o.s.b.w.servlet.ServletRegistrationBean  : Servlet dispatcherServlet mapped to [/]
2019-09-02 15:06:20.241  INFO 7476 --- [localhost-startStop-1] o.s.b.w.servlet.FilterRegistrationBean   : Mapping filter: 'characterEncodingFilter' to: [/*]
2019-09-02 15:06:20.242  INFO 7476 --- [localhost-startStop-1] o.s.b.w.servlet.FilterRegistrationBean   : Mapping filter: 'hiddenHttpMethodFilter' to: [/*]
2019-09-02 15:06:20.242  INFO 7476 --- [localhost-startStop-1] o.s.b.w.servlet.FilterRegistrationBean   : Mapping filter: 'httpPutFormContentFilter' to: [/*]
2019-09-02 15:06:20.242  INFO 7476 --- [localhost-startStop-1] o.s.b.w.servlet.FilterRegistrationBean   : Mapping filter: 'requestContextFilter' to: [/*]
2019-09-02 15:06:20.339  INFO 7476 --- [main] o.s.w.s.v.f.FreeMarkerConfigurer         : ClassTemplateLoader for Spring macros added to FreeMarker configuration
2019-09-02 15:06:20.640  INFO 7476 --- [main] o.s.w.s.handler.SimpleUrlHandlerMapping  : Mapped URL path [/**/favicon.ico] onto handler of type [class org.springframework.web.servlet.resource.ResourceHttpRequestHandler]
2019-09-02 15:06:20.801  INFO 7476 --- [main] s.w.s.m.m.a.RequestMappingHandlerAdapter : Looking for @ControllerAdvice: org.springframework.boot.web.servlet.context.AnnotationConfigServletWebServerApplicationContext@132e0cc: startup date [Mon Sep 02 15:06:18 CST 2019]; root of context hierarchy
2019-09-02 15:06:20.850  INFO 7476 --- [main] s.w.s.m.m.a.RequestMappingHandlerMapping : Mapped "{[/live/test],methods=[GET]}" onto public com.hshbic.ai.common.base.Result com.hshbic.ai.controller.BaseController.list()
2019-09-02 15:06:20.852  INFO 7476 --- [main] s.w.s.m.m.a.RequestMappingHandlerMapping : Mapped "{[/knowledge/list],methods=[POST]}" onto public java.util.Map<java.lang.String, java.lang.Object> com.hshbic.ai.controller.knowledge.KnowledgeController.list(com.hshbic.ai.model.knowledge.KbCondition)
2019-09-02 15:06:20.852  INFO 7476 --- [main] s.w.s.m.m.a.RequestMappingHandlerMapping : Mapped "{[/knowledge/getById],methods=[GET]}" onto public java.lang.Object com.hshbic.ai.controller.knowledge.KnowledgeController.getById(java.lang.String)
2019-09-02 15:06:20.854  INFO 7476 --- [main] s.w.s.m.m.a.RequestMappingHandlerMapping : Mapped "{[/error]}" onto public org.springframework.http.ResponseEntity<java.util.Map<java.lang.String, java.lang.Object>> org.springframework.boot.autoconfigure.web.servlet.error.BasicErrorController.error(javax.servlet.http.HttpServletRequest)
2019-09-02 15:06:20.854  INFO 7476 --- [main] s.w.s.m.m.a.RequestMappingHandlerMapping : Mapped "{[/error],produces=[text/html]}" onto public org.springframework.web.servlet.ModelAndView org.springframework.boot.autoconfigure.web.servlet.error.BasicErrorController.errorHtml(javax.servlet.http.HttpServletRequest,javax.servlet.http.HttpServletResponse)
2019-09-02 15:06:20.879  INFO 7476 --- [main] o.s.w.s.handler.SimpleUrlHandlerMapping  : Mapped URL path [/webjars/**] onto handler of type [class org.springframework.web.servlet.resource.ResourceHttpRequestHandler]
2019-09-02 15:06:20.879  INFO 7476 --- [main] o.s.w.s.handler.SimpleUrlHandlerMapping  : Mapped URL path [/**] onto handler of type [class org.springframework.web.servlet.resource.ResourceHttpRequestHandler]
2019-09-02 15:06:21.201  INFO 7476 --- [main] o.s.j.e.a.AnnotationMBeanExporter        : Registering beans for JMX exposure on startup
2019-09-02 15:06:21.202  INFO 7476 --- [main] o.s.j.e.a.AnnotationMBeanExporter        : Bean with name 'dataSource' has been autodetected for JMX exposure
2019-09-02 15:06:21.206  INFO 7476 --- [main] o.s.j.e.a.AnnotationMBeanExporter        : Located MBean 'dataSource': registering with JMX server as MBean [com.zaxxer.hikari:name=dataSource,type=HikariDataSource]
2019-09-02 15:06:21.242  INFO 7476 --- [main] o.s.b.w.embedded.tomcat.TomcatWebServer  : Tomcat started on port(s): 9080 (http) with context path ''
2019-09-02 15:06:21.245  INFO 7476 --- [main] com.hshbic.ai.SpringBootDemoApplication  : Started SpringBootDemoApplication in 2.836 seconds (JVM running for 3.715)
2019-09-02 15:06:30.032  INFO 7476 --- [http-nio-9080-exec-1] o.a.c.c.C.[Tomcat].[localhost].[/]       : Initializing Spring FrameworkServlet 'dispatcherServlet'
2019-09-02 15:06:30.033  INFO 7476 --- [http-nio-9080-exec-1] o.s.web.servlet.DispatcherServlet        : FrameworkServlet 'dispatcherServlet': initialization started
2019-09-02 15:06:30.058  INFO 7476 --- [http-nio-9080-exec-1] o.s.web.servlet.DispatcherServlet        : FrameworkServlet 'dispatcherServlet': initialization completed in 25 ms
2019-09-02 15:08:30.535  INFO 7476 --- [Thread-9] ConfigServletWebServerApplicationContext : Closing org.springframework.boot.web.servlet.context.AnnotationConfigServletWebServerApplicationContext@132e0cc: startup date [Mon Sep 02 15:06:18 CST 2019]; root of context hierarchy
2019-09-02 15:08:30.537  INFO 7476 --- [Thread-9] o.s.j.e.a.AnnotationMBeanExporter        : Unregistering JMX-exposed beans on shutdown
2019-09-02 15:08:30.537  INFO 7476 --- [Thread-9] o.s.j.e.a.AnnotationMBeanExporter        : Unregistering JMX-exposed beans
2019-09-02 15:08:34.304  INFO 13344 --- [main] com.hshbic.ai.SpringBootDemoApplication  : Starting SpringBootDemoApplication on 68A024818009097 with PID 13344 (D:\storage\IJworkspace\demo\springboot-demo\target\classes started by 18009097 in D:\storage\IJworkspace\demo\springboot-demo)
2019-09-02 15:08:34.307 DEBUG 13344 --- [main] com.hshbic.ai.SpringBootDemoApplication  : Running with Spring Boot v2.0.2.RELEASE, Spring v5.0.6.RELEASE
2019-09-02 15:08:34.308  INFO 13344 --- [main] com.hshbic.ai.SpringBootDemoApplication  : The following profiles are active: dev
2019-09-02 15:08:34.346  INFO 13344 --- [main] ConfigServletWebServerApplicationContext : Refreshing org.springframework.boot.web.servlet.context.AnnotationConfigServletWebServerApplicationContext@6aa3a905: startup date [Mon Sep 02 15:08:34 CST 2019]; root of context hierarchy
2019-09-02 15:08:35.358  INFO 13344 --- [main] o.s.b.w.embedded.tomcat.TomcatWebServer  : Tomcat initialized with port(s): 9080 (http)
2019-09-02 15:08:35.373  INFO 13344 --- [main] o.apache.catalina.core.StandardService   : Starting service [Tomcat]
2019-09-02 15:08:35.373  INFO 13344 --- [main] org.apache.catalina.core.StandardEngine  : Starting Servlet Engine: Apache Tomcat/8.5.31
2019-09-02 15:08:35.377  INFO 13344 --- [localhost-startStop-1] o.a.catalina.core.AprLifecycleListener   : The APR based Apache Tomcat Native library which allows optimal performance in production environments was not found on the java.library.path: [D:\program\java8\jdk1.8.0_202\bin;C:\Windows\Sun\Java\bin;C:\Windows\system32;C:\Windows;C:\Program Files (x86)\Common Files\Oracle\Java\javapath;D:\program\MongoDB\4.0\bin;D:\program\xshell\;C:\Windows\system32;C:\Windows;C:\Windows\System32\Wbem;C:\Windows\System32\WindowsPowerShell\v1.0\;D:\program\java8\jdk1.8.0_202\bin\;D:\program\java8\jre1.8.0_73\bin\;D:\program\maven\apache-maven-3.5.2\bin\;D:\program\nodejs\;C:\Program Files\TortoiseSVN\bin;C:\Users\18009097\AppData\Roaming\npm;C:\Users\18009097\AppData\Local\GitHubDesktop\bin;.]
2019-09-02 15:08:35.535  INFO 13344 --- [localhost-startStop-1] o.a.c.c.C.[Tomcat].[localhost].[/]       : Initializing Spring embedded WebApplicationContext
2019-09-02 15:08:35.535  INFO 13344 --- [localhost-startStop-1] o.s.web.context.ContextLoader            : Root WebApplicationContext: initialization completed in 1189 ms
2019-09-02 15:08:35.681  INFO 13344 --- [localhost-startStop-1] o.s.b.w.servlet.ServletRegistrationBean  : Servlet dispatcherServlet mapped to [/]
2019-09-02 15:08:35.684  INFO 13344 --- [localhost-startStop-1] o.s.b.w.servlet.FilterRegistrationBean   : Mapping filter: 'characterEncodingFilter' to: [/*]
2019-09-02 15:08:35.684  INFO 13344 --- [localhost-startStop-1] o.s.b.w.servlet.FilterRegistrationBean   : Mapping filter: 'hiddenHttpMethodFilter' to: [/*]
2019-09-02 15:08:35.684  INFO 13344 --- [localhost-startStop-1] o.s.b.w.servlet.FilterRegistrationBean   : Mapping filter: 'httpPutFormContentFilter' to: [/*]
2019-09-02 15:08:35.684  INFO 13344 --- [localhost-startStop-1] o.s.b.w.servlet.FilterRegistrationBean   : Mapping filter: 'requestContextFilter' to: [/*]
2019-09-02 15:08:35.778  INFO 13344 --- [main] o.s.w.s.v.f.FreeMarkerConfigurer         : ClassTemplateLoader for Spring macros added to FreeMarker configuration
2019-09-02 15:08:36.092  INFO 13344 --- [main] o.s.w.s.handler.SimpleUrlHandlerMapping  : Mapped URL path [/**/favicon.ico] onto handler of type [class org.springframework.web.servlet.resource.ResourceHttpRequestHandler]
2019-09-02 15:08:36.249  INFO 13344 --- [main] s.w.s.m.m.a.RequestMappingHandlerAdapter : Looking for @ControllerAdvice: org.springframework.boot.web.servlet.context.AnnotationConfigServletWebServerApplicationContext@6aa3a905: startup date [Mon Sep 02 15:08:34 CST 2019]; root of context hierarchy
2019-09-02 15:08:36.292  INFO 13344 --- [main] s.w.s.m.m.a.RequestMappingHandlerMapping : Mapped "{[/live/test],methods=[GET]}" onto public com.hshbic.ai.common.base.Result com.hshbic.ai.controller.BaseController.test()
2019-09-02 15:08:36.294  INFO 13344 --- [main] s.w.s.m.m.a.RequestMappingHandlerMapping : Mapped "{[/knowledge/list],methods=[POST]}" onto public java.util.Map<java.lang.String, java.lang.Object> com.hshbic.ai.controller.knowledge.KnowledgeController.list(com.hshbic.ai.model.knowledge.KbCondition)
2019-09-02 15:08:36.294  INFO 13344 --- [main] s.w.s.m.m.a.RequestMappingHandlerMapping : Mapped "{[/knowledge/getById],methods=[GET]}" onto public java.lang.Object com.hshbic.ai.controller.knowledge.KnowledgeController.getById(java.lang.String)
2019-09-02 15:08:36.296  INFO 13344 --- [main] s.w.s.m.m.a.RequestMappingHandlerMapping : Mapped "{[/error]}" onto public org.springframework.http.ResponseEntity<java.util.Map<java.lang.String, java.lang.Object>> org.springframework.boot.autoconfigure.web.servlet.error.BasicErrorController.error(javax.servlet.http.HttpServletRequest)
2019-09-02 15:08:36.296  INFO 13344 --- [main] s.w.s.m.m.a.RequestMappingHandlerMapping : Mapped "{[/error],produces=[text/html]}" onto public org.springframework.web.servlet.ModelAndView org.springframework.boot.autoconfigure.web.servlet.error.BasicErrorController.errorHtml(javax.servlet.http.HttpServletRequest,javax.servlet.http.HttpServletResponse)
2019-09-02 15:08:36.326  INFO 13344 --- [main] o.s.w.s.handler.SimpleUrlHandlerMapping  : Mapped URL path [/webjars/**] onto handler of type [class org.springframework.web.servlet.resource.ResourceHttpRequestHandler]
2019-09-02 15:08:36.326  INFO 13344 --- [main] o.s.w.s.handler.SimpleUrlHandlerMapping  : Mapped URL path [/**] onto handler of type [class org.springframework.web.servlet.resource.ResourceHttpRequestHandler]
2019-09-02 15:08:36.664  INFO 13344 --- [main] o.s.j.e.a.AnnotationMBeanExporter        : Registering beans for JMX exposure on startup
2019-09-02 15:08:36.665  INFO 13344 --- [main] o.s.j.e.a.AnnotationMBeanExporter        : Bean with name 'dataSource' has been autodetected for JMX exposure
2019-09-02 15:08:36.670  INFO 13344 --- [main] o.s.j.e.a.AnnotationMBeanExporter        : Located MBean 'dataSource': registering with JMX server as MBean [com.zaxxer.hikari:name=dataSource,type=HikariDataSource]
2019-09-02 15:08:36.708  INFO 13344 --- [main] o.s.b.w.embedded.tomcat.TomcatWebServer  : Tomcat started on port(s): 9080 (http) with context path ''
2019-09-02 15:08:36.711  INFO 13344 --- [main] com.hshbic.ai.SpringBootDemoApplication  : Started SpringBootDemoApplication in 2.749 seconds (JVM running for 3.454)
2019-09-02 15:08:46.206  INFO 13344 --- [http-nio-9080-exec-1] o.a.c.c.C.[Tomcat].[localhost].[/]       : Initializing Spring FrameworkServlet 'dispatcherServlet'
2019-09-02 15:08:46.206  INFO 13344 --- [http-nio-9080-exec-1] o.s.web.servlet.DispatcherServlet        : FrameworkServlet 'dispatcherServlet': initialization started
2019-09-02 15:08:46.229  INFO 13344 --- [http-nio-9080-exec-1] o.s.web.servlet.DispatcherServlet        : FrameworkServlet 'dispatcherServlet': initialization completed in 23 ms
2019-09-02 15:14:46.853  INFO 13344 --- [Thread-8] ConfigServletWebServerApplicationContext : Closing org.springframework.boot.web.servlet.context.AnnotationConfigServletWebServerApplicationContext@6aa3a905: startup date [Mon Sep 02 15:08:34 CST 2019]; root of context hierarchy
2019-09-02 15:14:46.855  INFO 13344 --- [Thread-8] o.s.j.e.a.AnnotationMBeanExporter        : Unregistering JMX-exposed beans on shutdown
2019-09-02 15:14:46.855  INFO 13344 --- [Thread-8] o.s.j.e.a.AnnotationMBeanExporter        : Unregistering JMX-exposed beans
